0 info it worked if it ends with ok
1 verbose cli [ 'C:\\Program Files (x86)\\nodejs\\node.exe',
1 verbose cli   'C:\\Users\\Yahiko\\AppData\\Roaming\\npm\\node_modules\\npm\\bin\\npm-cli.js',
1 verbose cli   'version',
1 verbose cli   'minor' ]
2 info using npm@3.10.5
3 info using node@v4.4.7
4 info git [ 'status', '--porcelain' ]
5 verbose stack Error: Git working directory not clean.
5 verbose stack M LICENCE.txt
5 verbose stack M README.md
5 verbose stack M blackthorn.ts
5 verbose stack M package.json
5 verbose stack     at C:\Users\Yahiko\AppData\Roaming\npm\node_modules\npm\lib\version.js:247:19
5 verbose stack     at C:\Users\Yahiko\AppData\Roaming\npm\node_modules\npm\lib\utils\no-progress-while-running.js:21:8
5 verbose stack     at ChildProcess.exithandler (child_process.js:204:7)
5 verbose stack     at emitTwo (events.js:87:13)
5 verbose stack     at ChildProcess.emit (events.js:172:7)
5 verbose stack     at maybeClose (internal/child_process.js:827:16)
5 verbose stack     at Process.ChildProcess._handle.onexit (internal/child_process.js:211:5)
6 verbose cwd c:\Users\Yahiko\OneDrive\Dev\libs\blackthorn
7 error Windows_NT 10.0.14393
8 error argv "C:\\Program Files (x86)\\nodejs\\node.exe" "C:\\Users\\Yahiko\\AppData\\Roaming\\npm\\node_modules\\npm\\bin\\npm-cli.js" "version" "minor"
9 error node v4.4.7
10 error npm  v3.10.5
11 error Git working directory not clean.
11 error M LICENCE.txt
11 error M README.md
11 error M blackthorn.ts
11 error M package.json
12 error If you need help, you may report this error at:
12 error     <https://github.com/npm/npm/issues>
13 verbose exit [ 1, true ]
